build/app/intermediates/manifest_merge_blame_file/release/manifest-merger-blame-release-report.txt
1<?xml version="1.0" encoding="utf-8"?>
2<manifest xmlns:android="http://schemas.android.com/apk/res/android"
3    package="com.example.bills"
4    android:versionCode="1"
5    android:versionName="1.0.0" >
6
7    <uses-sdk
8        android:minSdkVersion="18"
8-->src\main\AndroidManifest.xml
9        android:targetSdkVersion="30" />
9-->src\main\AndroidManifest.xml
10
11    <uses-permission android:name="android.permission.INTERNET" />
11-->src\main\AndroidManifest.xml:4:5-66
11-->src\main\AndroidManifest.xml:4:22-64
12    <uses-permission android:name="android.permission.USE_FINGERPRINT" />
12-->src\main\AndroidManifest.xml:5:5-73
12-->src\main\AndroidManifest.xml:5:22-71
13    <uses-permission android:name="android.permission.WRITE_EXTERNAL_STORAGE" />
13-->src\main\AndroidManifest.xml:6:5-81
13-->src\main\AndroidManifest.xml:6:22-78
14    <uses-permission android:name="android.permission.READ_INTERNAL_STORAGE" />
14-->src\main\AndroidManifest.xml:7:5-80
14-->src\main\AndroidManifest.xml:7:22-77
15    <uses-permission android:name="android.permission.READ_EXTERNAL_STORAGE" />
15-->src\main\AndroidManifest.xml:8:5-79
15-->src\main\AndroidManifest.xml:8:22-77
16    <uses-permission android:name="android.permission.ACCESS_NETWORK_STATE" />
16-->[com.google.firebase:firebase-auth:21.0.1] AndroidManifest.xml:24:5-79
16-->[com.google.firebase:firebase-auth:21.0.1] AndroidManifest.xml:24:22-76
17    <uses-permission android:name="android.permission.USE_BIOMETRIC" />
17-->[androidx.biometric:biometric:1.1.0] AndroidManifest.xml:24:5-72
17-->[androidx.biometric:biometric:1.1.0] AndroidManifest.xml:24:22-69
18    <uses-permission android:name="android.permission.WAKE_LOCK" />
18-->[com.google.android.gms:play-services-measurement-api:19.0.0] AndroidManifest.xml:24:5-68
18-->[com.google.android.gms:play-services-measurement-api:19.0.0] AndroidManifest.xml:24:22-65
19    <uses-permission android:name="com.google.android.finsky.permission.BIND_GET_INSTALL_REFERRER_SERVICE" />
19-->[com.google.android.gms:play-services-measurement:19.0.0] AndroidManifest.xml:26:5-110
19-->[com.google.android.gms:play-services-measurement:19.0.0] AndroidManifest.xml:26:22-107
20
21    <application
21-->src\main\AndroidManifest.xml:10:4-68:19
22        android:name="androidx.multidex.MultiDexApplication"
23        android:appComponentFactory="androidx.core.app.CoreComponentFactory"
23-->[androidx.core:core:1.3.2] AndroidManifest.xml:24:18-86
24        android:icon="@mipmap/ic_bills_bg"
24-->src\main\AndroidManifest.xml:13:9-43
25        android:label="Bills"
25-->src\main\AndroidManifest.xml:11:9-30
26        android:requestLegacyExternalStorage="true"
26-->src\main\AndroidManifest.xml:12:9-52
27        android:supportsRtl="true" >
27-->[com.facebook.android:facebook-login:11.0.0] AndroidManifest.xml:28:18-44
28        <activity
28-->src\main\AndroidManifest.xml:14:9-43:20
29            android:name="com.example.bills.MainActivity"
29-->src\main\AndroidManifest.xml:15:13-41
30            android:configChanges="orientation|keyboardHidden|keyboard|screenSize|smallestScreenSize|locale|layoutDirection|fontScale|screenLayout|density|uiMode"
30-->src\main\AndroidManifest.xml:18:13-163
31            android:hardwareAccelerated="true"
31-->src\main\AndroidManifest.xml:19:13-47
32            android:launchMode="singleTop"
32-->src\main\AndroidManifest.xml:16:13-43
33            android:screenOrientation="portrait"
33-->src\main\AndroidManifest.xml:20:13-49
34            android:theme="@style/LaunchTheme"
34-->src\main\AndroidManifest.xml:17:13-47
35            android:windowSoftInputMode="adjustResize" >
35-->src\main\AndroidManifest.xml:21:13-55
36
37            <!--
38                 Specifies an Android theme to apply to this Activity as soon as
39                 the Android process has started. This theme is visible to the user
40                 while the Flutter UI initializes. After that, this theme continues
41                 to determine the Window background behind the Flutter UI.
42            -->
43            <meta-data
43-->src\main\AndroidManifest.xml:26:13-29:17
44                android:name="io.flutter.embedding.android.NormalTheme"
44-->src\main\AndroidManifest.xml:27:15-70
45                android:resource="@style/NormalTheme" />
45-->src\main\AndroidManifest.xml:28:15-52
46            <!--
47                 Displays an Android View that continues showing the launch screen
48                 Drawable until Flutter paints its first frame, then this splash
49                 screen fades out. A splash screen is useful to avoid any visual
50                 gap between the end of Android's launch screen and the painting of
51                 Flutter's first frame.
52            -->
53            <meta-data
53-->src\main\AndroidManifest.xml:35:13-38:17
54                android:name="io.flutter.embedding.android.SplashScreenDrawable"
54-->src\main\AndroidManifest.xml:36:15-79
55                android:resource="@drawable/launch_background" />
55-->src\main\AndroidManifest.xml:37:15-61
56
57            <intent-filter>
57-->src\main\AndroidManifest.xml:39:13-42:29
58                <action android:name="android.intent.action.MAIN" />
58-->src\main\AndroidManifest.xml:40:17-68
58-->src\main\AndroidManifest.xml:40:25-66
59
60                <category android:name="android.intent.category.LAUNCHER" />
60-->src\main\AndroidManifest.xml:41:17-76
60-->src\main\AndroidManifest.xml:41:27-74
61            </intent-filter>
62        </activity>
63        <!--
64             Don't delete the meta-data below.
65             This is used by the Flutter tool to generate GeneratedPluginRegistrant.java
66        -->
67        <meta-data
67-->src\main\AndroidManifest.xml:46:9-48:33
68            android:name="flutterEmbedding"
68-->src\main\AndroidManifest.xml:47:13-44
69            android:value="2" />
69-->src\main\AndroidManifest.xml:48:13-30
70        <meta-data
70-->src\main\AndroidManifest.xml:50:9-51:50
71            android:name="com.facebook.sdk.ApplicationId"
71-->src\main\AndroidManifest.xml:50:20-65
72            android:value="@string/facebook_app_id" />
72-->src\main\AndroidManifest.xml:51:9-48
73
74        <activity
74-->src\main\AndroidManifest.xml:53:5-56:44
75            android:name="com.facebook.FacebookActivity"
75-->src\main\AndroidManifest.xml:53:15-59
76            android:configChanges="keyboard|keyboardHidden|screenLayout|screenSize|orientation"
76-->src\main\AndroidManifest.xml:54:9-110
77            android:label="@string/app_name"
77-->src\main\AndroidManifest.xml:56:9-41
78            android:theme="@style/com_facebook_activity_theme" />
78-->[com.facebook.android:facebook-common:11.0.0] AndroidManifest.xml:33:13-63
79        <activity
79-->src\main\AndroidManifest.xml:57:5-66:16
80            android:name="com.facebook.CustomTabActivity"
80-->src\main\AndroidManifest.xml:58:9-54
81            android:exported="true" >
81-->src\main\AndroidManifest.xml:59:9-32
82            <intent-filter>
82-->src\main\AndroidManifest.xml:60:9-65:25
83                <action android:name="android.intent.action.VIEW" />
83-->src\main\AndroidManifest.xml:61:13-65
83-->src\main\AndroidManifest.xml:61:21-62
84
85                <category android:name="android.intent.category.DEFAULT" />
85-->src\main\AndroidManifest.xml:62:13-72
85-->src\main\AndroidManifest.xml:62:23-69
86                <category android:name="android.intent.category.BROWSABLE" />
86-->src\main\AndroidManifest.xml:63:13-74
86-->src\main\AndroidManifest.xml:63:23-71
87
88                <data android:scheme="@string/fb_login_protocol_scheme" />
88-->src\main\AndroidManifest.xml:64:13-71
88-->src\main\AndroidManifest.xml:64:19-68
89            </intent-filter>
90            <intent-filter>
90-->[com.facebook.android:facebook-common:11.0.0] AndroidManifest.xml:39:13-48:29
91                <action android:name="android.intent.action.VIEW" />
91-->src\main\AndroidManifest.xml:61:13-65
91-->src\main\AndroidManifest.xml:61:21-62
92
93                <category android:name="android.intent.category.DEFAULT" />
93-->src\main\AndroidManifest.xml:62:13-72
93-->src\main\AndroidManifest.xml:62:23-69
94                <category android:name="android.intent.category.BROWSABLE" />
94-->src\main\AndroidManifest.xml:63:13-74
94-->src\main\AndroidManifest.xml:63:23-71
95
96                <data
96-->src\main\AndroidManifest.xml:64:13-71
97                    android:host="cct.com.example.bills"
98                    android:scheme="fbconnect" />
98-->src\main\AndroidManifest.xml:64:19-68
99            </intent-filter>
100        </activity>
101
102        <service
102-->[:cloud_firestore] AndroidManifest.xml:8:9-12:19
103            android:name="com.google.firebase.components.ComponentDiscoveryService"
103-->[:cloud_firestore] AndroidManifest.xml:8:18-89
104            android:directBootAware="true"
104-->[com.google.firebase:firebase-common:20.0.0] AndroidManifest.xml:35:13-43
105            android:exported="false" >
105-->[com.google.firebase:firebase-auth:21.0.1] AndroidManifest.xml:76:13-37
106            <meta-data
106-->[:cloud_firestore] AndroidManifest.xml:9:13-11:85
107                android:name="com.google.firebase.components:io.flutter.plugins.firebase.firestore.FlutterFirebaseFirestoreRegistrar"
107-->[:cloud_firestore] AndroidManifest.xml:10:17-134
108                android:value="com.google.firebase.components.ComponentRegistrar" />
108-->[:cloud_firestore] AndroidManifest.xml:11:17-82
109            <meta-data
109-->[:firebase_database] AndroidManifest.xml:9:13-11:85
110                android:name="com.google.firebase.components:io.flutter.plugins.firebase.database.FlutterFirebaseAppRegistrar"
110-->[:firebase_database] AndroidManifest.xml:10:17-127
111                android:value="com.google.firebase.components.ComponentRegistrar" />
111-->[:firebase_database] AndroidManifest.xml:11:17-82
112            <meta-data
112-->[:firebase_auth] AndroidManifest.xml:9:13-11:85
113                android:name="com.google.firebase.components:io.flutter.plugins.firebase.auth.FlutterFirebaseAuthRegistrar"
113-->[:firebase_auth] AndroidManifest.xml:10:17-124
114                android:value="com.google.firebase.components.ComponentRegistrar" />
114-->[:firebase_auth] AndroidManifest.xml:11:17-82
115            <meta-data
115-->[:firebase_core] AndroidManifest.xml:9:13-11:85
116                android:name="com.google.firebase.components:io.flutter.plugins.firebase.core.FlutterFirebaseCoreRegistrar"
116-->[:firebase_core] AndroidManifest.xml:10:17-124
117                android:value="com.google.firebase.components.ComponentRegistrar" />
117-->[:firebase_core] AndroidManifest.xml:11:17-82
118            <meta-data
118-->[com.google.firebase:firebase-auth:21.0.1] AndroidManifest.xml:77:13-79:85
119                android:name="com.google.firebase.components:com.google.firebase.auth.FirebaseAuthRegistrar"
119-->[com.google.firebase:firebase-auth:21.0.1] AndroidManifest.xml:78:17-109
120                android:value="com.google.firebase.components.ComponentRegistrar" />
120-->[com.google.firebase:firebase-auth:21.0.1] AndroidManifest.xml:79:17-82
121            <meta-data
121-->[com.google.firebase:firebase-firestore:23.0.2] AndroidManifest.xml:20:13-22:85
122                android:name="com.google.firebase.components:com.google.firebase.firestore.FirestoreRegistrar"
122-->[com.google.firebase:firebase-firestore:23.0.2] AndroidManifest.xml:21:17-111
123                android:value="com.google.firebase.components.ComponentRegistrar" />
123-->[com.google.firebase:firebase-firestore:23.0.2] AndroidManifest.xml:22:17-82
124            <meta-data
124-->[com.google.firebase:firebase-database:20.0.0] AndroidManifest.xml:32:13-34:85
125                android:name="com.google.firebase.components:com.google.firebase.database.DatabaseRegistrar"
125-->[com.google.firebase:firebase-database:20.0.0] AndroidManifest.xml:33:17-109
126                android:value="com.google.firebase.components.ComponentRegistrar" />
126-->[com.google.firebase:firebase-database:20.0.0] AndroidManifest.xml:34:17-82
127            <meta-data
127-->[com.google.android.gms:play-services-measurement-api:19.0.0] AndroidManifest.xml:30:13-32:85
128                android:name="com.google.firebase.components:com.google.firebase.analytics.connector.internal.AnalyticsConnectorRegistrar"
128-->[com.google.android.gms:play-services-measurement-api:19.0.0] AndroidManifest.xml:31:17-139
129                android:value="com.google.firebase.components.ComponentRegistrar" />
129-->[com.google.android.gms:play-services-measurement-api:19.0.0] AndroidManifest.xml:32:17-82
130            <meta-data
130-->[com.google.firebase:firebase-installations:17.0.0] AndroidManifest.xml:18:13-20:85
131                android:name="com.google.firebase.components:com.google.firebase.installations.FirebaseInstallationsRegistrar"
131-->[com.google.firebase:firebase-installations:17.0.0] AndroidManifest.xml:19:17-127
132                android:value="com.google.firebase.components.ComponentRegistrar" />
132-->[com.google.firebase:firebase-installations:17.0.0] AndroidManifest.xml:20:17-82
133        </service>
134
135        <activity
135-->[com.google.firebase:firebase-auth:21.0.1] AndroidManifest.xml:27:9-44:20
136            android:name="com.google.firebase.auth.internal.GenericIdpActivity"
136-->[com.google.firebase:firebase-auth:21.0.1] AndroidManifest.xml:28:13-80
137            android:excludeFromRecents="true"
137-->[com.google.firebase:firebase-auth:21.0.1] AndroidManifest.xml:29:13-46
138            android:exported="true"
138-->[com.google.firebase:firebase-auth:21.0.1] AndroidManifest.xml:30:13-36
139            android:launchMode="singleTask"
139-->[com.google.firebase:firebase-auth:21.0.1] AndroidManifest.xml:31:13-44
140            android:theme="@android:style/Theme.Translucent.NoTitleBar" >
140-->[com.google.firebase:firebase-auth:21.0.1] AndroidManifest.xml:32:13-72
141            <intent-filter>
141-->[com.google.firebase:firebase-auth:21.0.1] AndroidManifest.xml:33:13-43:29
142                <action android:name="android.intent.action.VIEW" />
142-->src\main\AndroidManifest.xml:61:13-65
142-->src\main\AndroidManifest.xml:61:21-62
143
144                <category android:name="android.intent.category.DEFAULT" />
144-->src\main\AndroidManifest.xml:62:13-72
144-->src\main\AndroidManifest.xml:62:23-69
145                <category android:name="android.intent.category.BROWSABLE" />
145-->src\main\AndroidManifest.xml:63:13-74
145-->src\main\AndroidManifest.xml:63:23-71
146
147                <data
147-->src\main\AndroidManifest.xml:64:13-71
148                    android:host="firebase.auth"
149                    android:path="/"
150                    android:scheme="genericidp" />
150-->src\main\AndroidManifest.xml:64:19-68
151            </intent-filter>
152        </activity>
153        <activity
153-->[com.google.firebase:firebase-auth:21.0.1] AndroidManifest.xml:45:9-62:20
154            android:name="com.google.firebase.auth.internal.RecaptchaActivity"
154-->[com.google.firebase:firebase-auth:21.0.1] AndroidManifest.xml:46:13-79
155            android:excludeFromRecents="true"
155-->[com.google.firebase:firebase-auth:21.0.1] AndroidManifest.xml:47:13-46
156            android:exported="true"
156-->[com.google.firebase:firebase-auth:21.0.1] AndroidManifest.xml:48:13-36
157            android:launchMode="singleTask"
157-->[com.google.firebase:firebase-auth:21.0.1] AndroidManifest.xml:49:13-44
158            android:theme="@android:style/Theme.Translucent.NoTitleBar" >
158-->[com.google.firebase:firebase-auth:21.0.1] AndroidManifest.xml:50:13-72
159            <intent-filter>
159-->[com.google.firebase:firebase-auth:21.0.1] AndroidManifest.xml:51:13-61:29
160                <action android:name="android.intent.action.VIEW" />
160-->src\main\AndroidManifest.xml:61:13-65
160-->src\main\AndroidManifest.xml:61:21-62
161
162                <category android:name="android.intent.category.DEFAULT" />
162-->src\main\AndroidManifest.xml:62:13-72
162-->src\main\AndroidManifest.xml:62:23-69
163                <category android:name="android.intent.category.BROWSABLE" />
163-->src\main\AndroidManifest.xml:63:13-74
163-->src\main\AndroidManifest.xml:63:23-71
164
165                <data
165-->src\main\AndroidManifest.xml:64:13-71
166                    android:host="firebase.auth"
167                    android:path="/"
168                    android:scheme="recaptcha" />
168-->src\main\AndroidManifest.xml:64:19-68
169            </intent-filter>
170        </activity>
171
172        <service
172-->[com.google.firebase:firebase-auth:21.0.1] AndroidManifest.xml:64:9-73:19
173            android:name="com.google.firebase.auth.api.fallback.service.FirebaseAuthFallbackService"
173-->[com.google.firebase:firebase-auth:21.0.1] AndroidManifest.xml:65:13-101
174            android:enabled="true"
174-->[com.google.firebase:firebase-auth:21.0.1] AndroidManifest.xml:66:13-35
175            android:exported="false" >
175-->[com.google.firebase:firebase-auth:21.0.1] AndroidManifest.xml:67:13-37
176            <intent-filter>
176-->[com.google.firebase:firebase-auth:21.0.1] AndroidManifest.xml:68:13-72:29
177                <action android:name="com.google.firebase.auth.api.gms.service.START" />
177-->[com.google.firebase:firebase-auth:21.0.1] AndroidManifest.xml:69:17-89
177-->[com.google.firebase:firebase-auth:21.0.1] AndroidManifest.xml:69:25-86
178
179                <category android:name="android.intent.category.DEFAULT" />
179-->src\main\AndroidManifest.xml:62:13-72
179-->src\main\AndroidManifest.xml:62:23-69
180            </intent-filter>
181        </service>
182
183        <activity android:name="com.facebook.CustomTabMainActivity" />
183-->[com.facebook.android:facebook-common:11.0.0] AndroidManifest.xml:34:9-71
183-->[com.facebook.android:facebook-common:11.0.0] AndroidManifest.xml:34:19-68
184        <activity
184-->[com.google.android.gms:play-services-auth:18.1.0] AndroidManifest.xml:23:9-27:75
185            android:name="com.google.android.gms.auth.api.signin.internal.SignInHubActivity"
185-->[com.google.android.gms:play-services-auth:18.1.0] AndroidManifest.xml:24:13-93
186            android:excludeFromRecents="true"
186-->[com.google.android.gms:play-services-auth:18.1.0] AndroidManifest.xml:25:13-46
187            android:exported="false"
187-->[com.google.android.gms:play-services-auth:18.1.0] AndroidManifest.xml:26:13-37
188            android:theme="@android:style/Theme.Translucent.NoTitleBar" />
188-->[com.google.android.gms:play-services-auth:18.1.0] AndroidManifest.xml:27:13-72
189        <!--
190            Service handling Google Sign-In user revocation. For apps that do not integrate with
191            Google Sign-In, this service will never be started.
192        -->
193        <service
193-->[com.google.android.gms:play-services-auth:18.1.0] AndroidManifest.xml:33:9-37:51
194            android:name="com.google.android.gms.auth.api.signin.RevocationBoundService"
194-->[com.google.android.gms:play-services-auth:18.1.0] AndroidManifest.xml:34:13-89
195            android:exported="true"
195-->[com.google.android.gms:play-services-auth:18.1.0] AndroidManifest.xml:35:13-36
196            android:permission="com.google.android.gms.auth.api.signin.permission.REVOCATION_NOTIFICATION"
196-->[com.google.android.gms:play-services-auth:18.1.0] AndroidManifest.xml:36:13-107
197            android:visibleToInstantApps="true" />
197-->[com.google.android.gms:play-services-auth:18.1.0] AndroidManifest.xml:37:13-48
198
199        <activity
199-->[com.google.android.gms:play-services-base:17.1.0] AndroidManifest.xml:23:9-26:75
200            android:name="com.google.android.gms.common.api.GoogleApiActivity"
200-->[com.google.android.gms:play-services-base:17.1.0] AndroidManifest.xml:24:13-79
201            android:exported="false"
201-->[com.google.android.gms:play-services-base:17.1.0] AndroidManifest.xml:25:13-37
202            android:theme="@android:style/Theme.Translucent.NoTitleBar" />
202-->[com.google.android.gms:play-services-base:17.1.0] AndroidManifest.xml:26:13-72
203
204        <provider
204-->[com.google.firebase:firebase-common:20.0.0] AndroidManifest.xml:26:9-31:39
205            android:name="com.google.firebase.provider.FirebaseInitProvider"
205-->[com.google.firebase:firebase-common:20.0.0] AndroidManifest.xml:27:13-77
206            android:authorities="com.example.bills.firebaseinitprovider"
206-->[com.google.firebase:firebase-common:20.0.0] AndroidManifest.xml:28:13-72
207            android:directBootAware="true"
207-->[com.google.firebase:firebase-common:20.0.0] AndroidManifest.xml:29:13-43
208            android:exported="false"
208-->[com.google.firebase:firebase-common:20.0.0] AndroidManifest.xml:30:13-37
209            android:initOrder="100" />
209-->[com.google.firebase:firebase-common:20.0.0] AndroidManifest.xml:31:13-36
210
211        <receiver
211-->[com.google.android.gms:play-services-measurement:19.0.0] AndroidManifest.xml:29:9-33:20
212            android:name="com.google.android.gms.measurement.AppMeasurementReceiver"
212-->[com.google.android.gms:play-services-measurement:19.0.0] AndroidManifest.xml:30:13-85
213            android:enabled="true"
213-->[com.google.android.gms:play-services-measurement:19.0.0] AndroidManifest.xml:31:13-35
214            android:exported="false" >
214-->[com.google.android.gms:play-services-measurement:19.0.0] AndroidManifest.xml:32:13-37
215        </receiver>
216
217        <service
217-->[com.google.android.gms:play-services-measurement:19.0.0] AndroidManifest.xml:35:9-38:40
218            android:name="com.google.android.gms.measurement.AppMeasurementService"
218-->[com.google.android.gms:play-services-measurement:19.0.0] AndroidManifest.xml:36:13-84
219            android:enabled="true"
219-->[com.google.android.gms:play-services-measurement:19.0.0] AndroidManifest.xml:37:13-35
220            android:exported="false" />
220-->[com.google.android.gms:play-services-measurement:19.0.0] AndroidManifest.xml:38:13-37
221        <service
221-->[com.google.android.gms:play-services-measurement:19.0.0] AndroidManifest.xml:39:9-43:72
222            android:name="com.google.android.gms.measurement.AppMeasurementJobService"
222-->[com.google.android.gms:play-services-measurement:19.0.0] AndroidManifest.xml:40:13-87
223            android:enabled="true"
223-->[com.google.android.gms:play-services-measurement:19.0.0] AndroidManifest.xml:41:13-35
224            android:exported="false"
224-->[com.google.android.gms:play-services-measurement:19.0.0] AndroidManifest.xml:42:13-37
225            android:permission="android.permission.BIND_JOB_SERVICE" />
225-->[com.google.android.gms:play-services-measurement:19.0.0] AndroidManifest.xml:43:13-69
226
227        <meta-data
227-->[com.google.android.gms:play-services-basement:17.1.1] AndroidManifest.xml:23:9-25:69
228            android:name="com.google.android.gms.version"
228-->[com.google.android.gms:play-services-basement:17.1.1] AndroidManifest.xml:24:13-58
229            android:value="@integer/google_play_services_version" />
229-->[com.google.android.gms:play-services-basement:17.1.1] AndroidManifest.xml:25:13-66
230        <!--
231         The initialization ContentProvider will call FacebookSdk.sdkInitialize automatically
232         with the application context. This config is merged in with the host app's manifest,
233         but there can only be one provider with the same authority activated at any given
234         point; so if the end user has two or more different apps that use Facebook SDK, only the
235         first one will be able to use the provider. To work around this problem, we use the
236         following placeholder in the authority to identify each host application as if it was
237         a completely different provider.
238        -->
239        <provider
239-->[com.facebook.android:facebook-core:11.0.0] AndroidManifest.xml:39:9-42:40
240            android:name="com.facebook.internal.FacebookInitProvider"
240-->[com.facebook.android:facebook-core:11.0.0] AndroidManifest.xml:40:13-70
241            android:authorities="com.example.bills.FacebookInitProvider"
241-->[com.facebook.android:facebook-core:11.0.0] AndroidManifest.xml:41:13-72
242            android:exported="false" />
242-->[com.facebook.android:facebook-core:11.0.0] AndroidManifest.xml:42:13-37
243
244        <receiver
244-->[com.facebook.android:facebook-core:11.0.0] AndroidManifest.xml:44:9-50:20
245            android:name="com.facebook.CurrentAccessTokenExpirationBroadcastReceiver"
245-->[com.facebook.android:facebook-core:11.0.0] AndroidManifest.xml:45:13-86
246            android:exported="false" >
246-->[com.facebook.android:facebook-core:11.0.0] AndroidManifest.xml:46:13-37
247            <intent-filter>
247-->[com.facebook.android:facebook-core:11.0.0] AndroidManifest.xml:47:13-49:29
248                <action android:name="com.facebook.sdk.ACTION_CURRENT_ACCESS_TOKEN_CHANGED" />
248-->[com.facebook.android:facebook-core:11.0.0] AndroidManifest.xml:48:17-95
248-->[com.facebook.android:facebook-core:11.0.0] AndroidManifest.xml:48:25-92
249            </intent-filter>
250        </receiver>
251    </application>
252
253</manifest>